{"name": "Test Verify Login Grafana", "status": "failed", "statusDetails": {"message": "AssertionError: verify Equals is failed, Actual: Welcome to Grafanais not Equals to Expected: kuku", "trace": "self = <test_cases.test_web.Test_Web object at 0x000001E311D41A30>\n\n    @allure.title('Test Verify Login Grafana')\n    @allure.description(\"this test verifies successful login\")\n    def test_verify_login(self):\n        WebFlows.login_flow(get_data('UserName'), get_data('Password'))\n>       WebFlows.verify_grafana_title(\"kuku\")\n\ntest_web.py:15: \n_ _ _ _ _ _ _ _ _ _ _ _ _ _ _ _ _ _ _ _ _ _ _ _ _ _ _ _ _ _ _ _ _ _ _ _ _ _ _ _ _ _ _ _ _ _ _ _ _ _ _ _ _ _ _ _ _ _ _ _ _ _ _ _ _ _ _ _ _ _ _ _ _ _ _ _\n..\\workflows\\web_flows.py:25: in verify_grafana_title\n    Verifications.verify_equals(actual, expected)\n_ _ _ _ _ _ _ _ _ _ _ _ _ _ _ _ _ _ _ _ _ _ _ _ _ _ _ _ _ _ _ _ _ _ _ _ _ _ _ _ _ _ _ _ _ _ _ _ _ _ _ _ _ _ _ _ _ _ _ _ _ _ _ _ _ _ _ _ _ _ _ _ _ _ _ _\n\nactual = 'Welcome to Grafana', expected = 'kuku'\n\n    @staticmethod\n    @allure.step(\"verify equals\")\n    def verify_equals(actual, expected):\n>       assert actual == expected, \"verify Equals is failed, Actual: \" + str(\n            actual) + \"is not Equals to Expected: \" + str(\n            expected)\nE       AssertionError: verify Equals is failed, Actual: Welcome to Grafanais not Equals to Expected: kuku\n\n..\\extensions\\verifications.py:11: AssertionError"}, "description": "this test verifies successful login", "steps": [{"name": "login to grafana flow", "status": "passed", "steps": [{"name": "updating text", "status": "passed", "parameters": [{"name": "elem", "value": "<selenium.webdriver.support.event_firing_webdriver.EventFiringWebElement object at 0x000001E311DE5250>"}, {"name": "value", "value": "'admin'"}], "start": 1683799241370, "stop": 1683799241502}, {"name": "updating text", "status": "passed", "parameters": [{"name": "elem", "value": "<selenium.webdriver.support.event_firing_webdriver.EventFiringWebElement object at 0x000001E311DE5250>"}, {"name": "value", "value": "'admin'"}], "start": 1683799241523, "stop": 1683799241669}, {"name": "click on element", "status": "passed", "parameters": [{"name": "elem", "value": "<selenium.webdriver.support.event_firing_webdriver.EventFiringWebElement object at 0x000001E311DE5250>"}], "start": 1683799241688, "stop": 1683799241833}, {"name": "click on element", "status": "passed", "parameters": [{"name": "elem", "value": "<selenium.webdriver.support.event_firing_webdriver.EventFiringWebElement object at 0x000001E311DE5250>"}], "start": 1683799241921, "stop": 1683799242811}], "parameters": [{"name": "user", "value": "'admin'"}, {"name": "password", "value": "'admin'"}], "start": 1683799241348, "stop": 1683799242811}, {"name": "verify grafana title flow", "status": "failed", "statusDetails": {"message": "AssertionError: verify Equals is failed, Actual: Welcome to Grafanais not Equals to Expected: kuku\n", "trace": "  File \"C:\\Automation\\test_Automation_final_project\\venv\\lib\\site-packages\\allure_commons\\_allure.py\", line 192, in impl\n    return func(*a, **kw)\n  File \"C:\\Automation\\test_Automation_final_project\\workflows\\web_flows.py\", line 25, in verify_grafana_title\n    Verifications.verify_equals(actual, expected)\n  File \"C:\\Automation\\test_Automation_final_project\\venv\\lib\\site-packages\\allure_commons\\_allure.py\", line 192, in impl\n    return func(*a, **kw)\n  File \"C:\\Automation\\test_Automation_final_project\\extensions\\verifications.py\", line 11, in verify_equals\n    assert actual == expected, \"verify Equals is failed, Actual: \" + str(\n"}, "steps": [{"name": "verify equals", "status": "failed", "statusDetails": {"message": "AssertionError: verify Equals is failed, Actual: Welcome to Grafanais not Equals to Expected: kuku\n", "trace": "  File \"C:\\Automation\\test_Automation_final_project\\venv\\lib\\site-packages\\allure_commons\\_allure.py\", line 192, in impl\n    return func(*a, **kw)\n  File \"C:\\Automation\\test_Automation_final_project\\extensions\\verifications.py\", line 11, in verify_equals\n    assert actual == expected, \"verify Equals is failed, Actual: \" + str(\n"}, "parameters": [{"name": "actual", "value": "'Welcome to Grafana'"}, {"name": "expected", "value": "'kuku'"}], "start": 1683799242981, "stop": 1683799242982}], "parameters": [{"name": "expected", "value": "'kuku'"}], "start": 1683799242811, "stop": 1683799243015}], "attachments": [{"source": "506edced-ee6c-4543-8898-fb87da2885b9-attachment.png", "type": "image/png"}], "start": 1683799241346, "stop": 1683799243042, "uuid": "3538e697-d05b-46ba-9f0b-6d2dc76522c7", "historyId": "235244970e4914c6eccf62e7057162c3", "testCaseId": "235244970e4914c6eccf62e7057162c3", "fullName": "test_web.Test_Web#test_verify_login", "labels": [{"name": "tag", "value": "@pytest.mark.usefixtures('init_web_driver')"}, {"name": "suite", "value": "test_web"}, {"name": "subSuite", "value": "Test_Web"}, {"name": "host", "value": "LAPTOP-KLQ6N0KI"}, {"name": "thread", "value": "1892-MainThread"}, {"name": "framework", "value": "pytest"}, {"name": "language", "value": "cpython3"}, {"name": "package", "value": "test_web"}]}