{"name": "Test Verify Login Grafana", "status": "failed", "statusDetails": {"message": "AssertionError: verify Equals is failed, Actual: Welcome to Grafanais not Equals to Expected: kuku", "trace": "self = <test_cases.test_web.Test_Web object at 0x000001AD9937BA60>\n\n    @allure.title('Test Verify Login Grafana')\n    @allure.description(\"this test verifies successful login\")\n    def test_verify_login(self):\n        WebFlows.login_flow(get_data('UserName'), get_data('Password'))\n>       WebFlows.verify_grafana_title(\"kuku\")\n\ntest_web.py:15: \n_ _ _ _ _ _ _ _ _ _ _ _ _ _ _ _ _ _ _ _ _ _ _ _ _ _ _ _ _ _ _ _ _ _ _ _ _ _ _ _ _ _ _ _ _ _ _ _ _ _ _ _ _ _ _ _ _ _ _ _ _ _ _ _ _ _ _ _ _ _ _ _ _ _ _ _\n..\\workflows\\web_flows.py:25: in verify_grafana_title\n    Verifications.verify_equals(actual, expected)\n_ _ _ _ _ _ _ _ _ _ _ _ _ _ _ _ _ _ _ _ _ _ _ _ _ _ _ _ _ _ _ _ _ _ _ _ _ _ _ _ _ _ _ _ _ _ _ _ _ _ _ _ _ _ _ _ _ _ _ _ _ _ _ _ _ _ _ _ _ _ _ _ _ _ _ _\n\nactual = 'Welcome to Grafana', expected = 'kuku'\n\n    @staticmethod\n    @allure.step(\"verify equals\")\n    def verify_equals(actual, expected):\n>       assert actual == expected, \"verify Equals is failed, Actual: \" + str(\n            actual) + \"is not Equals to Expected: \" + str(\n            expected)\nE       AssertionError: verify Equals is failed, Actual: Welcome to Grafanais not Equals to Expected: kuku\n\n..\\extensions\\verifications.py:11: AssertionError"}, "description": "this test verifies successful login", "steps": [{"name": "login to grafana flow", "status": "passed", "steps": [{"name": "updating text", "status": "passed", "parameters": [{"name": "elem", "value": "<selenium.webdriver.support.event_firing_webdriver.EventFiringWebElement object at 0x000001AD993F6250>"}, {"name": "value", "value": "'admin'"}], "start": 1683803225753, "stop": 1683803225821}, {"name": "updating text", "status": "passed", "parameters": [{"name": "elem", "value": "<selenium.webdriver.support.event_firing_webdriver.EventFiringWebElement object at 0x000001AD993F6250>"}, {"name": "value", "value": "'admin'"}], "start": 1683803225832, "stop": 1683803225901}, {"name": "click on element", "status": "passed", "parameters": [{"name": "elem", "value": "<selenium.webdriver.support.event_firing_webdriver.EventFiringWebElement object at 0x000001AD993F6250>"}], "start": 1683803225909, "stop": 1683803225983}, {"name": "click on element", "status": "passed", "parameters": [{"name": "elem", "value": "<selenium.webdriver.support.event_firing_webdriver.EventFiringWebElement object at 0x000001AD993F6250>"}], "start": 1683803226064, "stop": 1683803226932}], "parameters": [{"name": "user", "value": "'admin'"}, {"name": "password", "value": "'admin'"}], "start": 1683803225740, "stop": 1683803226932}, {"name": "verify grafana title flow", "status": "failed", "statusDetails": {"message": "AssertionError: verify Equals is failed, Actual: Welcome to Grafanais not Equals to Expected: kuku\n", "trace": "  File \"C:\\Automation\\test_Automation_final_project\\venv\\lib\\site-packages\\allure_commons\\_allure.py\", line 192, in impl\n    return func(*a, **kw)\n  File \"C:\\Automation\\test_Automation_final_project\\workflows\\web_flows.py\", line 25, in verify_grafana_title\n    Verifications.verify_equals(actual, expected)\n  File \"C:\\Automation\\test_Automation_final_project\\venv\\lib\\site-packages\\allure_commons\\_allure.py\", line 192, in impl\n    return func(*a, **kw)\n  File \"C:\\Automation\\test_Automation_final_project\\extensions\\verifications.py\", line 11, in verify_equals\n    assert actual == expected, \"verify Equals is failed, Actual: \" + str(\n"}, "steps": [{"name": "verify equals", "status": "failed", "statusDetails": {"message": "AssertionError: verify Equals is failed, Actual: Welcome to Grafanais not Equals to Expected: kuku\n", "trace": "  File \"C:\\Automation\\test_Automation_final_project\\venv\\lib\\site-packages\\allure_commons\\_allure.py\", line 192, in impl\n    return func(*a, **kw)\n  File \"C:\\Automation\\test_Automation_final_project\\extensions\\verifications.py\", line 11, in verify_equals\n    assert actual == expected, \"verify Equals is failed, Actual: \" + str(\n"}, "parameters": [{"name": "actual", "value": "'Welcome to Grafana'"}, {"name": "expected", "value": "'kuku'"}], "start": 1683803226971, "stop": 1683803226971}], "parameters": [{"name": "expected", "value": "'kuku'"}], "start": 1683803226932, "stop": 1683803226973}], "attachments": [{"source": "bfc323c4-3240-4d94-b17a-07f47a9ebfff-attachment.png", "type": "image/png"}], "start": 1683803225739, "stop": 1683803226974, "uuid": "e103e82a-1c57-4d10-9c17-435039f4948c", "historyId": "235244970e4914c6eccf62e7057162c3", "testCaseId": "235244970e4914c6eccf62e7057162c3", "fullName": "test_web.Test_Web#test_verify_login", "labels": [{"name": "tag", "value": "@pytest.mark.usefixtures('init_web_driver')"}, {"name": "suite", "value": "test_web"}, {"name": "subSuite", "value": "Test_Web"}, {"name": "host", "value": "LAPTOP-KLQ6N0KI"}, {"name": "thread", "value": "5812-MainThread"}, {"name": "framework", "value": "pytest"}, {"name": "language", "value": "cpython3"}, {"name": "package", "value": "test_web"}]}