{"name": "Test04: Filtering Users", "status": "failed", "statusDetails": {"message": "AssertionError: Number of elements in list: 1does not match expected :8", "trace": "self = <test_cases.test_web.Test_Web object at 0x000001E311D7D070>, search_value = 'avia', expected_users = '8'\n\n    @allure.title(\"Test04: Filtering Users\")\n    @allure.description(\"this test filters users\")\n    @pytest.mark.parametrize('search_value, expected_users', web_flows.testdata)\n    def test_csv(self, search_value, expected_users):\n        WebFlows.open_user()\n        WebFlows.search_user(search_value)\n>       WebFlows.verify_number_of_users(int(expected_users))\n\ntest_web.py:37: \n_ _ _ _ _ _ _ _ _ _ _ _ _ _ _ _ _ _ _ _ _ _ _ _ _ _ _ _ _ _ _ _ _ _ _ _ _ _ _ _ _ _ _ _ _ _ _ _ _ _ _ _ _ _ _ _ _ _ _ _ _ _ _ _ _ _ _ _ _ _ _ _ _ _ _ _\n..\\workflows\\web_flows.py:67: in verify_number_of_users\n    Verifications.verify_number_of_elements(page.web_server_admin_page.get_users_list(), number)\n_ _ _ _ _ _ _ _ _ _ _ _ _ _ _ _ _ _ _ _ _ _ _ _ _ _ _ _ _ _ _ _ _ _ _ _ _ _ _ _ _ _ _ _ _ _ _ _ _ _ _ _ _ _ _ _ _ _ _ _ _ _ _ _ _ _ _ _ _ _ _ _ _ _ _ _\n\nelems = [<selenium.webdriver.support.event_firing_webdriver.EventFiringWebElement object at 0x000001E311E826A0>], size = 8\n\n    @staticmethod\n    @allure.step(\"verify number of elements in list\")\n    def verify_number_of_elements(elems, size):\n>       assert len(elems) == size, 'Number of elements in list: ' + str(len(elems)) + 'does not match expected :' + str(size)\nE       AssertionError: Number of elements in list: 1does not match expected :8\n\n..\\extensions\\verifications.py:42: AssertionError"}, "description": "this test filters users", "steps": [{"name": "go to users flow", "status": "passed", "steps": [{"name": "mouse hover", "status": "passed", "parameters": [{"name": "elem1", "value": "<selenium.webdriver.support.event_firing_webdriver.EventFiringWebElement object at 0x000001E311E82190>"}, {"name": "elem2", "value": "<selenium.webdriver.support.event_firing_webdriver.EventFiringWebElement object at 0x000001E311E82850>"}], "start": 1683799248710, "stop": 1683799249417}], "start": 1683799248632, "stop": 1683799249417}, {"name": "search user from users table flow", "status": "passed", "steps": [{"name": "clear text field in element", "status": "passed", "parameters": [{"name": "elem", "value": "<selenium.webdriver.support.event_firing_webdriver.EventFiringWebElement object at 0x000001E311E82D60>"}], "start": 1683799249503, "stop": 1683799249654}, {"name": "updating text", "status": "passed", "parameters": [{"name": "elem", "value": "<selenium.webdriver.support.event_firing_webdriver.EventFiringWebElement object at 0x000001E311E82D60>"}, {"name": "value", "value": "'avia'"}], "start": 1683799249667, "stop": 1683799249799}], "parameters": [{"name": "search_value", "value": "'avia'"}], "start": 1683799249418, "stop": 1683799249799}, {"name": "verify number of users in table flow", "status": "failed", "statusDetails": {"message": "AssertionError: Number of elements in list: 1does not match expected :8\n", "trace": "  File \"C:\\Automation\\test_Automation_final_project\\venv\\lib\\site-packages\\allure_commons\\_allure.py\", line 192, in impl\n    return func(*a, **kw)\n  File \"C:\\Automation\\test_Automation_final_project\\workflows\\web_flows.py\", line 67, in verify_number_of_users\n    Verifications.verify_number_of_elements(page.web_server_admin_page.get_users_list(), number)\n  File \"C:\\Automation\\test_Automation_final_project\\venv\\lib\\site-packages\\allure_commons\\_allure.py\", line 192, in impl\n    return func(*a, **kw)\n  File \"C:\\Automation\\test_Automation_final_project\\extensions\\verifications.py\", line 42, in verify_number_of_elements\n    assert len(elems) == size, 'Number of elements in list: ' + str(len(elems)) + 'does not match expected :' + str(size)\n"}, "steps": [{"name": "verify number of elements in list", "status": "failed", "statusDetails": {"message": "AssertionError: Number of elements in list: 1does not match expected :8\n", "trace": "  File \"C:\\Automation\\test_Automation_final_project\\venv\\lib\\site-packages\\allure_commons\\_allure.py\", line 192, in impl\n    return func(*a, **kw)\n  File \"C:\\Automation\\test_Automation_final_project\\extensions\\verifications.py\", line 42, in verify_number_of_elements\n    assert len(elems) == size, 'Number of elements in list: ' + str(len(elems)) + 'does not match expected :' + str(size)\n"}, "parameters": [{"name": "elems", "value": "[<selenium.webdriver.support.event_firing_webdriver.EventFiringWebElement object at 0x000001E311E826A0>]"}, {"name": "size", "value": "8"}], "start": 1683799250350, "stop": 1683799250350}], "parameters": [{"name": "number", "value": "8"}], "start": 1683799249799, "stop": 1683799250351}], "attachments": [{"source": "aafceb8c-1049-4b04-82f6-afa5301640dd-attachment.png", "type": "image/png"}], "parameters": [{"name": "search_value", "value": "'avia'"}, {"name": "expected_users", "value": "'8'"}], "start": 1683799248632, "stop": 1683799250351, "uuid": "ecfe3fe7-e137-406c-b478-3c1080b5ebd6", "historyId": "11394a883826db7c7160997d394f1bbe", "testCaseId": "28d40b7d3b332b3990bd9c25b6981ed4", "fullName": "test_web.Test_Web#test_csv", "labels": [{"name": "tag", "value": "@pytest.mark.usefixtures('init_web_driver')"}, {"name": "suite", "value": "test_web"}, {"name": "subSuite", "value": "Test_Web"}, {"name": "host", "value": "LAPTOP-KLQ6N0KI"}, {"name": "thread", "value": "1892-MainThread"}, {"name": "framework", "value": "pytest"}, {"name": "language", "value": "cpython3"}, {"name": "package", "value": "test_web"}]}